<?xml version="1.0" encoding="UTF-8"?>
<!-- Generated by org.testng.reporters.JUnitReportReporter -->
<testsuite hostname="DESKTOP-P0P9LEB" failures="0" tests="1" name="IntertrustTestAutomation.APITest" time="6.739" errors="0" timestamp="2023-07-21T19:04:06 IST" skipped="0">
  <testcase classname="IntertrustTestAutomation.APITest" name="verifyGetRequest" time="6.739"/>
  <system-out/>
</testsuite> <!-- IntertrustTestAutomation.APITest -->
