<?xml version="1.0" encoding="UTF-8"?>
<!-- Generated by org.testng.reporters.JUnitReportReporter -->
<testsuite hostname="DESKTOP-P0P9LEB" failures="0" tests="1" name="IntertrustTestAutomation.NewTest" time="35.849" errors="0" timestamp="2023-07-21T19:05:13 IST" skipped="0">
  <testcase classname="IntertrustTestAutomation.NewTest" name="VerifyWeatherForecastForCity" time="35.849"/>
  <system-out/>
</testsuite> <!-- IntertrustTestAutomation.NewTest -->
